0 info it worked if it ends with ok
1 verbose cli [ '/Users/nandrao/.nvm/v0.10.44/bin/node',
1 verbose cli   '/Users/nandrao/.nvm/v0.10.44/bin/npm',
1 verbose cli   'start' ]
2 info using npm@2.15.0
3 info using node@v0.10.44
4 verbose stack Error: missing script: start
4 verbose stack     at run (/Users/nandrao/.nvm/v0.10.44/lib/node_modules/npm/lib/run-script.js:142:19)
4 verbose stack     at /Users/nandrao/.nvm/v0.10.44/lib/node_modules/npm/lib/run-script.js:58:5
4 verbose stack     at /Users/nandrao/.nvm/v0.10.44/lib/node_modules/npm/node_modules/read-package-json/read-json.js:345:5
4 verbose stack     at checkBinReferences_ (/Users/nandrao/.nvm/v0.10.44/lib/node_modules/npm/node_modules/read-package-json/read-json.js:309:45)
4 verbose stack     at final (/Users/nandrao/.nvm/v0.10.44/lib/node_modules/npm/node_modules/read-package-json/read-json.js:343:3)
4 verbose stack     at then (/Users/nandrao/.nvm/v0.10.44/lib/node_modules/npm/node_modules/read-package-json/read-json.js:113:5)
4 verbose stack     at /Users/nandrao/.nvm/v0.10.44/lib/node_modules/npm/node_modules/read-package-json/read-json.js:232:12
4 verbose stack     at /Users/nandrao/.nvm/v0.10.44/lib/node_modules/npm/node_modules/graceful-fs/graceful-fs.js:78:16
4 verbose stack     at fs.js:272:14
4 verbose stack     at /Users/nandrao/.nvm/v0.10.44/lib/node_modules/npm/node_modules/graceful-fs/graceful-fs.js:43:10
5 verbose cwd /Users/nandrao/BIA/BIA-Airport
6 error Darwin 15.5.0
7 error argv "/Users/nandrao/.nvm/v0.10.44/bin/node" "/Users/nandrao/.nvm/v0.10.44/bin/npm" "start"
8 error node v0.10.44
9 error npm  v2.15.0
10 error missing script: start
11 error If you need help, you may report this error at:
11 error     <https://github.com/npm/npm/issues>
12 verbose exit [ 1, true ]
